{"name": "test_check_identifire_in_the_page_corner", "status": "broken", "statusDetails": {"message": "selenium.common.exceptions.TimeoutException: Message:", "trace": "self = <tests.test_specificProject.Test_HomePage object at 0x0385A5B0>\n\n    @pytest.mark.specificProject\n    def test_check_identifire_in_the_page_corner(self):\n        self.specificProject=SpecificProject(self.driver)\n>       self.specificProject.do_user_login(TestData.USER_NAME,TestData.PASSWORD)\n\ntests\\test_specificProject.py:26: \n_ _ _ _ _ _ _ _ _ _ _ _ _ _ _ _ _ _ _ _ _ _ _ _ _ _ _ _ _ _ _ _ _ _ _ _ _ _ _ _\npages\\LoginUserPage.py:30: in do_user_login\n    self.do_send_key(self.USERNAME_LOCATOR,user_name)\npages\\basePage.py:88: in do_send_key\n    WebDriverWait(self.driver, 10).until(EC.visibility_of_element_located(by_locator)).send_keys(text)\n_ _ _ _ _ _ _ _ _ _ _ _ _ _ _ _ _ _ _ _ _ _ _ _ _ _ _ _ _ _ _ _ _ _ _ _ _ _ _ _\n\nself = <selenium.webdriver.support.wait.WebDriverWait (session=\"f976376239d934385913adeecaf387d6\")>\nmethod = <selenium.webdriver.support.expected_conditions.visibility_of_element_located object at 0x037A7EC8>\nmessage = ''\n\n    def until(self, method, message=''):\n        \"\"\"Calls the method provided with the driver as an argument until the \\\n        return value is not False.\"\"\"\n        screen = None\n        stacktrace = None\n    \n        end_time = time.time() + self._timeout\n        while True:\n            try:\n                value = method(self._driver)\n                if value:\n                    return value\n            except self._ignored_exceptions as exc:\n                screen = getattr(exc, 'screen', None)\n                stacktrace = getattr(exc, 'stacktrace', None)\n            time.sleep(self._poll)\n            if time.time() > end_time:\n                break\n>       raise TimeoutException(message, screen, stacktrace)\nE       selenium.common.exceptions.TimeoutException: Message:\n\nvenv\\lib\\site-packages\\selenium\\webdriver\\support\\wait.py:80: TimeoutException"}, "steps": [{"name": "do_user_login", "status": "broken", "statusDetails": {"message": "selenium.common.exceptions.TimeoutException: Message: \n\n", "trace": "  File \"C:\\Users\\rabi\\PycharmProjects\\TestAutomationProject\\venv\\lib\\site-packages\\allure_commons\\_allure.py\", line 172, in impl\n    return func(*a, **kw)\n  File \"C:\\Users\\rabi\\PycharmProjects\\TestAutomationProject\\pages\\LoginUserPage.py\", line 30, in do_user_login\n    self.do_send_key(self.USERNAME_LOCATOR,user_name)\n  File \"C:\\Users\\rabi\\PycharmProjects\\TestAutomationProject\\pages\\basePage.py\", line 88, in do_send_key\n    WebDriverWait(self.driver, 10).until(EC.visibility_of_element_located(by_locator)).send_keys(text)\n  File \"C:\\Users\\rabi\\PycharmProjects\\TestAutomationProject\\venv\\lib\\site-packages\\selenium\\webdriver\\support\\wait.py\", line 80, in until\n    raise TimeoutException(message, screen, stacktrace)\n"}, "parameters": [{"name": "user_name", "value": "'shdover0@gmail.com'"}, {"name": "password", "value": "'Sholit3100'"}], "start": 1624304450975, "stop": 1624304461105}], "attachments": [{"name": "stdout", "source": "c3106b1a-f836-498c-a063-25dc85a1a199-attachment.txt", "type": "text/plain"}], "start": 1624304450295, "stop": 1624304461109, "uuid": "6a82d83d-e75c-4a0d-b735-bd6b1f00b720", "historyId": "2abb984be4a489710a3aecfcce5474ad", "testCaseId": "3098925fedf51b5fed343e1445ab19d9", "fullName": "tests.test_specificProject.Test_HomePage#test_check_identifire_in_the_page_corner", "labels": [{"name": "tag", "value": "specificProject"}, {"name": "tag", "value": "@pytest.mark.usefixtures('init_driver')"}, {"name": "parentSuite", "value": "tests"}, {"name": "suite", "value": "test_specificProject"}, {"name": "subSuite", "value": "Test_HomePage"}, {"name": "host", "value": "shalom-PC"}, {"name": "thread", "value": "10556-MainThread"}, {"name": "framework", "value": "pytest"}, {"name": "language", "value": "cpython3"}, {"name": "package", "value": "tests.test_specificProject"}]}